<?xml version="1.0" encoding="UTF-8" ?>
<testsuite tests="3" failures="0" name="com.tw.ParkingLotTest" time="0.061" errors="0" skipped="0">
  <properties>
[...]
</properties>
  <testcase classname="com.tw.ParkingLotTest" name="should_get_car_when_give_valid_receipt" time="0.055"/>
  <testcase classname="com.tw.ParkingLotTest" name="should_get_no_car_when_give_invalid_receipt" time="0.005"/>
  <testcase classname="com.tw.ParkingLotTest" name="should_receipt_valid_when_parkingLot_has_receipt" time="0.001"/>
</testsuite>